Release 14.5 - ngc2edif P.58f (nt64)
Copyright (c) 1995-2012 Xilinx, Inc.  All rights reserved.
Reading design TestBinToBCD.ngc ...
WARNING:NetListWriters:298 - No output is written to TestBinToBCD.xncf, ignored.
Processing design ...
   Preping design's networks ...
   Preping design's macros ...
WARNING:NetListWriters:306 - Signal bus U1/BCD<15 : 0> on block TestBinToBCD is
   not reconstructed, because there are some missing bus signals.
  finished :Prep
Writing EDIF netlist file TestBinToBCD.edif ...
ngc2edif: Total memory usage is 4317608 kilobytes

Release 14.5 - ngc2edif P.58f (nt64)
Copyright (c) 1995-2012 Xilinx, Inc.  All rights reserved.
Reading design TestSPI.ngc ...
WARNING:NetListWriters:298 - No output is written to TestSPI.xncf, ignored.
Processing design ...
   Preping design's networks ...
   Preping design's macros ...
WARNING:NetListWriters:306 - Signal bus U1/iBuffer<14 : 0> on block TestSPI is
   not reconstructed, because there are some missing bus signals.
WARNING:NetListWriters:306 - Signal bus U2/BCD<15 : 0> on block TestSPI is not
   reconstructed, because there are some missing bus signals.
  finished :Prep
Writing EDIF netlist file TestSPI.edif ...
ngc2edif: Total memory usage is 4317608 kilobytes

Release 14.5 - ngc2edif P.58f (nt64)
Copyright (c) 1995-2012 Xilinx, Inc.  All rights reserved.
Reading design TestSPI.ngc ...
WARNING:NetListWriters:298 - No output is written to TestSPI.xncf, ignored.
Processing design ...
   Preping design's networks ...
   Preping design's macros ...
WARNING:NetListWriters:306 - Signal bus U1/iBuffer<14 : 0> on block TestSPI is
   not reconstructed, because there are some missing bus signals.
WARNING:NetListWriters:306 - Signal bus U2/BCD<15 : 0> on block TestSPI is not
   reconstructed, because there are some missing bus signals.
  finished :Prep
Writing EDIF netlist file TestSPI.edif ...
ngc2edif: Total memory usage is 4317608 kilobytes

Release 14.5 - ngc2edif P.58f (nt64)
Copyright (c) 1995-2012 Xilinx, Inc.  All rights reserved.
Reading design TestSPI.ngc ...
WARNING:NetListWriters:298 - No output is written to TestSPI.xncf, ignored.
Processing design ...
   Preping design's networks ...
   Preping design's macros ...
WARNING:NetListWriters:306 - Signal bus U1/iBuffer<14 : 0> on block TestSPI is
   not reconstructed, because there are some missing bus signals.
WARNING:NetListWriters:306 - Signal bus U2/BCD<15 : 0> on block TestSPI is not
   reconstructed, because there are some missing bus signals.
  finished :Prep
Writing EDIF netlist file TestSPI.edif ...
ngc2edif: Total memory usage is 4318180 kilobytes

Release 14.5 - ngc2edif P.58f (nt64)
Copyright (c) 1995-2012 Xilinx, Inc.  All rights reserved.
Reading design TestSPI.ngc ...
WARNING:NetListWriters:298 - No output is written to TestSPI.xncf, ignored.
Processing design ...
   Preping design's networks ...
   Preping design's macros ...
WARNING:NetListWriters:306 - Signal bus U1/iBuffer<14 : 0> on block TestSPI is
   not reconstructed, because there are some missing bus signals.
WARNING:NetListWriters:306 - Signal bus U2/BCD<15 : 0> on block TestSPI is not
   reconstructed, because there are some missing bus signals.
  finished :Prep
Writing EDIF netlist file TestSPI.edif ...
ngc2edif: Total memory usage is 4318180 kilobytes

Release 14.5 - ngc2edif P.58f (nt64)
Copyright (c) 1995-2012 Xilinx, Inc.  All rights reserved.
Reading design TestBinToBCD.ngc ...
WARNING:NetListWriters:298 - No output is written to TestBinToBCD.xncf, ignored.
Processing design ...
   Preping design's networks ...
   Preping design's macros ...
WARNING:NetListWriters:306 - Signal bus U1/BCD<15 : 0> on block TestBinToBCD is
   not reconstructed, because there are some missing bus signals.
  finished :Prep
Writing EDIF netlist file TestBinToBCD.edif ...
ngc2edif: Total memory usage is 4318372 kilobytes

Release 14.5 - ngc2edif P.58f (nt64)
Copyright (c) 1995-2012 Xilinx, Inc.  All rights reserved.
Reading design TestBinToBCD.ngc ...
WARNING:NetListWriters:298 - No output is written to TestBinToBCD.xncf, ignored.
Processing design ...
   Preping design's networks ...
   Preping design's macros ...
WARNING:NetListWriters:306 - Signal bus U1/BCD<15 : 0> on block TestBinToBCD is
   not reconstructed, because there are some missing bus signals.
  finished :Prep
Writing EDIF netlist file TestBinToBCD.edif ...
ngc2edif: Total memory usage is 4318180 kilobytes

Release 14.5 - ngc2edif P.58f (nt64)
Copyright (c) 1995-2012 Xilinx, Inc.  All rights reserved.
Reading design TestBinToBCD.ngc ...
WARNING:NetListWriters:298 - No output is written to TestBinToBCD.xncf, ignored.
Processing design ...
   Preping design's networks ...
   Preping design's macros ...
WARNING:NetListWriters:306 - Signal bus U1/BCD<15 : 0> on block TestBinToBCD is
   not reconstructed, because there are some missing bus signals.
  finished :Prep
Writing EDIF netlist file TestBinToBCD.edif ...
ngc2edif: Total memory usage is 4317988 kilobytes

Release 14.5 - ngc2edif P.58f (nt64)
Copyright (c) 1995-2012 Xilinx, Inc.  All rights reserved.
Reading design TestBinToBCD.ngc ...
WARNING:NetListWriters:298 - No output is written to TestBinToBCD.xncf, ignored.
Processing design ...
   Preping design's networks ...
   Preping design's macros ...
WARNING:NetListWriters:306 - Signal bus U1/BCD<15 : 0> on block TestBinToBCD is
   not reconstructed, because there are some missing bus signals.
  finished :Prep
Writing EDIF netlist file TestBinToBCD.edif ...
ngc2edif: Total memory usage is 4318180 kilobytes

Release 14.5 - ngc2edif P.58f (nt64)
Copyright (c) 1995-2012 Xilinx, Inc.  All rights reserved.
Reading design TestBinToBCD.ngc ...
WARNING:NetListWriters:298 - No output is written to TestBinToBCD.xncf, ignored.
Processing design ...
   Preping design's networks ...
   Preping design's macros ...
WARNING:NetListWriters:306 - Signal bus U1/BCD<15 : 0> on block TestBinToBCD is
   not reconstructed, because there are some missing bus signals.
  finished :Prep
Writing EDIF netlist file TestBinToBCD.edif ...
ngc2edif: Total memory usage is 4318180 kilobytes

Release 14.5 - ngc2edif P.58f (nt64)
Copyright (c) 1995-2012 Xilinx, Inc.  All rights reserved.
Reading design TestSPI.ngc ...
WARNING:NetListWriters:298 - No output is written to TestSPI.xncf, ignored.
Processing design ...
   Preping design's networks ...
   Preping design's macros ...
WARNING:NetListWriters:306 - Signal bus U1/iBuffer<14 : 0> on block TestSPI is
   not reconstructed, because there are some missing bus signals.
WARNING:NetListWriters:306 - Signal bus U2/BCD<15 : 0> on block TestSPI is not
   reconstructed, because there are some missing bus signals.
  finished :Prep
Writing EDIF netlist file TestSPI.edif ...
ngc2edif: Total memory usage is 4318180 kilobytes

Release 14.5 - ngc2edif P.58f (nt64)
Copyright (c) 1995-2012 Xilinx, Inc.  All rights reserved.
Reading design TestSPI.ngc ...
WARNING:NetListWriters:298 - No output is written to TestSPI.xncf, ignored.
Processing design ...
   Preping design's networks ...
   Preping design's macros ...
WARNING:NetListWriters:306 - Signal bus U1/iBuffer<14 : 0> on block TestSPI is
   not reconstructed, because there are some missing bus signals.
WARNING:NetListWriters:306 - Signal bus U2/BCD<15 : 0> on block TestSPI is not
   reconstructed, because there are some missing bus signals.
  finished :Prep
Writing EDIF netlist file TestSPI.edif ...
ngc2edif: Total memory usage is 4317608 kilobytes

Release 14.5 - ngc2edif P.58f (nt64)
Copyright (c) 1995-2012 Xilinx, Inc.  All rights reserved.
Reading design TestSPI.ngc ...
WARNING:NetListWriters:298 - No output is written to TestSPI.xncf, ignored.
Processing design ...
   Preping design's networks ...
   Preping design's macros ...
WARNING:NetListWriters:306 - Signal bus U1/iBuffer<14 : 0> on block TestSPI is
   not reconstructed, because there are some missing bus signals.
WARNING:NetListWriters:306 - Signal bus U2/BCD<15 : 0> on block TestSPI is not
   reconstructed, because there are some missing bus signals.
  finished :Prep
Writing EDIF netlist file TestSPI.edif ...
ngc2edif: Total memory usage is 4317928 kilobytes

Release 14.5 - ngc2edif P.58f (nt64)
Copyright (c) 1995-2012 Xilinx, Inc.  All rights reserved.
Reading design TestSPI.ngc ...
WARNING:NetListWriters:298 - No output is written to TestSPI.xncf, ignored.
Processing design ...
   Preping design's networks ...
   Preping design's macros ...
WARNING:NetListWriters:306 - Signal bus U1/iBuffer<14 : 0> on block TestSPI is
   not reconstructed, because there are some missing bus signals.
WARNING:NetListWriters:306 - Signal bus U2/BCD<15 : 0> on block TestSPI is not
   reconstructed, because there are some missing bus signals.
  finished :Prep
Writing EDIF netlist file TestSPI.edif ...
ngc2edif: Total memory usage is 4317608 kilobytes

Release 14.5 - ngc2edif P.58f (nt64)
Copyright (c) 1995-2012 Xilinx, Inc.  All rights reserved.
Reading design TestSPI.ngc ...
WARNING:NetListWriters:298 - No output is written to TestSPI.xncf, ignored.
Processing design ...
   Preping design's networks ...
   Preping design's macros ...
WARNING:NetListWriters:306 - Signal bus U1/iBuffer<14 : 0> on block TestSPI is
   not reconstructed, because there are some missing bus signals.
WARNING:NetListWriters:306 - Signal bus U2/BCD<15 : 0> on block TestSPI is not
   reconstructed, because there are some missing bus signals.
  finished :Prep
Writing EDIF netlist file TestSPI.edif ...
ngc2edif: Total memory usage is 4317992 kilobytes

Release 14.5 - ngc2edif P.58f (nt64)
Copyright (c) 1995-2012 Xilinx, Inc.  All rights reserved.
Reading design TestSPI.ngc ...
WARNING:NetListWriters:298 - No output is written to TestSPI.xncf, ignored.
Processing design ...
   Preping design's networks ...
   Preping design's macros ...
WARNING:NetListWriters:306 - Signal bus U1/iBuffer<14 : 0> on block TestSPI is
   not reconstructed, because there are some missing bus signals.
WARNING:NetListWriters:306 - Signal bus U2/BCD<15 : 0> on block TestSPI is not
   reconstructed, because there are some missing bus signals.
  finished :Prep
Writing EDIF netlist file TestSPI.edif ...
ngc2edif: Total memory usage is 4318312 kilobytes

Release 14.5 - ngc2edif P.58f (nt64)
Copyright (c) 1995-2012 Xilinx, Inc.  All rights reserved.
Reading design TestSPI.ngc ...
WARNING:NetListWriters:298 - No output is written to TestSPI.xncf, ignored.
Processing design ...
   Preping design's networks ...
   Preping design's macros ...
WARNING:NetListWriters:306 - Signal bus U1/iBuffer<14 : 0> on block TestSPI is
   not reconstructed, because there are some missing bus signals.
WARNING:NetListWriters:306 - Signal bus U2/BCD<23 : 0> on block TestSPI is not
   reconstructed, because there are some missing bus signals.
  finished :Prep
Writing EDIF netlist file TestSPI.edif ...
ngc2edif: Total memory usage is 4317608 kilobytes

Release 14.5 - ngc2edif P.58f (nt64)
Copyright (c) 1995-2012 Xilinx, Inc.  All rights reserved.
Reading design TestSPI.ngc ...
WARNING:NetListWriters:298 - No output is written to TestSPI.xncf, ignored.
Processing design ...
   Preping design's networks ...
   Preping design's macros ...
WARNING:NetListWriters:306 - Signal bus U1/iBuffer<14 : 0> on block TestSPI is
   not reconstructed, because there are some missing bus signals.
WARNING:NetListWriters:306 - Signal bus U2/BCD<23 : 0> on block TestSPI is not
   reconstructed, because there are some missing bus signals.
  finished :Prep
Writing EDIF netlist file TestSPI.edif ...
ngc2edif: Total memory usage is 4318312 kilobytes

Release 14.5 - ngc2edif P.58f (nt64)
Copyright (c) 1995-2012 Xilinx, Inc.  All rights reserved.
Reading design TestSPI.ngc ...
WARNING:NetListWriters:298 - No output is written to TestSPI.xncf, ignored.
Processing design ...
   Preping design's networks ...
   Preping design's macros ...
WARNING:NetListWriters:306 - Signal bus U1/iBuffer<14 : 0> on block TestSPI is
   not reconstructed, because there are some missing bus signals.
WARNING:NetListWriters:306 - Signal bus U2/BCD<23 : 0> on block TestSPI is not
   reconstructed, because there are some missing bus signals.
  finished :Prep
Writing EDIF netlist file TestSPI.edif ...
ngc2edif: Total memory usage is 4317864 kilobytes

Release 14.5 - ngc2edif P.58f (nt64)
Copyright (c) 1995-2012 Xilinx, Inc.  All rights reserved.
Reading design TestSPI.ngc ...
WARNING:NetListWriters:298 - No output is written to TestSPI.xncf, ignored.
Processing design ...
   Preping design's networks ...
   Preping design's macros ...
WARNING:NetListWriters:306 - Signal bus U1/iBuffer<14 : 0> on block TestSPI is
   not reconstructed, because there are some missing bus signals.
WARNING:NetListWriters:306 - Signal bus U2/BCD<23 : 0> on block TestSPI is not
   reconstructed, because there are some missing bus signals.
  finished :Prep
Writing EDIF netlist file TestSPI.edif ...
ngc2edif: Total memory usage is 4318056 kilobytes

Release 14.5 - ngc2edif P.58f (nt64)
Copyright (c) 1995-2012 Xilinx, Inc.  All rights reserved.
Reading design LCD.ngc ...
WARNING:NetListWriters:298 - No output is written to LCD.xncf, ignored.
Processing design ...
   Preping design's networks ...
   Preping design's macros ...
WARNING:NetListWriters:306 - Signal bus presState_mux0003<9 : 2> on block LCD is
   not reconstructed, because there are some missing bus signals.
  finished :Prep
Writing EDIF netlist file LCD.edif ...
ngc2edif: Total memory usage is 4317608 kilobytes

Release 14.5 - ngc2edif P.58f (nt64)
Copyright (c) 1995-2012 Xilinx, Inc.  All rights reserved.
Reading design LCD.ngc ...
WARNING:NetListWriters:298 - No output is written to LCD.xncf, ignored.
Processing design ...
   Preping design's networks ...
   Preping design's macros ...
WARNING:NetListWriters:306 - Signal bus presState_mux0003<9 : 2> on block LCD is
   not reconstructed, because there are some missing bus signals.
  finished :Prep
Writing EDIF netlist file LCD.edif ...
ngc2edif: Total memory usage is 4317608 kilobytes

Release 14.5 - ngc2edif P.58f (nt64)
Copyright (c) 1995-2012 Xilinx, Inc.  All rights reserved.
Reading design LCD.ngc ...
WARNING:NetListWriters:298 - No output is written to LCD.xncf, ignored.
Processing design ...
   Preping design's networks ...
   Preping design's macros ...
WARNING:NetListWriters:306 - Signal bus presState_mux0003<9 : 2> on block LCD is
   not reconstructed, because there are some missing bus signals.
  finished :Prep
Writing EDIF netlist file LCD.edif ...
ngc2edif: Total memory usage is 4317608 kilobytes

Release 14.5 - ngc2edif P.58f (nt64)
Copyright (c) 1995-2012 Xilinx, Inc.  All rights reserved.
Reading design LCD.ngc ...
WARNING:NetListWriters:298 - No output is written to LCD.xncf, ignored.
Processing design ...
   Preping design's networks ...
   Preping design's macros ...
  finished :Prep
Writing EDIF netlist file LCD.edif ...
ngc2edif: Total memory usage is 4317928 kilobytes

Release 14.5 - ngc2edif P.58f (nt64)
Copyright (c) 1995-2012 Xilinx, Inc.  All rights reserved.
Reading design RS232Txd.ngc ...
WARNING:NetListWriters:298 - No output is written to RS232Txd.xncf, ignored.
Processing design ...
   Preping design's networks ...
   Preping design's macros ...
  finished :Prep
Writing EDIF netlist file RS232Txd.edif ...
ngc2edif: Total memory usage is 4317608 kilobytes

